<?xml version="1.0" encoding="UTF-8"?>
<!-- Generated by org.testng.reporters.JUnitXMLReporter -->
<testsuite ignored="0" hostname="GASSOR" failures="0" tests="6" name="Demoblaze Core Flows" time="40.604" errors="0" timestamp="2025-12-03T13:01:01 EET">
  <testcase classname="com.example.tests.DemoblazeLoginTests" name="invalidLogin" time="6.047"/>
  <testcase classname="com.example.tests.DemoblazeProductTests" name="filterByCategoryPhones" time="8.23"/>
  <testcase classname="com.example.tests.DemoblazeLoginTests" name="validLogin" time="5.868"/>
  <testcase classname="com.example.tests.DemoblazeProductTests" name="productVisibilityByName" time="8.41"/>
  <testcase classname="com.example.tests.DemoblazeCartTests" name="addRemoveItems" time="14.457"/>
  <testcase classname="com.example.tests.DemoblazeCheckoutTests" name="checkoutFlow" time="12.239"/>
</testsuite> <!-- Demoblaze Core Flows -->
