<?xml version="1.0" encoding="UTF-8"?>
<!-- Generated by org.testng.reporters.JUnitReportReporter -->
<testsuite hostname="GASSOR" failures="0" tests="2" name="com.example.tests.DemoblazeProductTests" time="25.115" errors="0" timestamp="2025-12-03T13:01:01 EET" skipped="0">
  <testcase classname="com.example.tests.DemoblazeProductTests" name="productVisibilityByName" time="13.251"/>
  <testcase classname="com.example.tests.DemoblazeProductTests" name="filterByCategoryPhones" time="11.864"/>
</testsuite> <!-- com.example.tests.DemoblazeProductTests -->
