<?xml version="1.0" encoding="UTF-8"?>
<!-- Generated by org.testng.reporters.JUnitReportReporter -->
<testsuite hostname="GASSOR" failures="0" tests="2" name="com.example.tests.DemoblazeLoginTests" time="21.772" errors="0" timestamp="2025-12-03T13:01:01 EET" skipped="0">
  <testcase classname="com.example.tests.DemoblazeLoginTests" name="invalidLogin" time="10.392"/>
  <testcase classname="com.example.tests.DemoblazeLoginTests" name="validLogin" time="11.380"/>
</testsuite> <!-- com.example.tests.DemoblazeLoginTests -->
